[0m11:16:22.604902 [debug] [MainThread]: Sending event: {'category': 'dbt', 'action': 'invocation', 'label': 'start', 'context': [<snowplow_tracker.self_describing_json.SelfDescribingJson object at 0x00000210818C4250>, <snowplow_tracker.self_describing_json.SelfDescribingJson object at 0x0000021082C64B20>, <snowplow_tracker.self_describing_json.SelfDescribingJson object at 0x0000021082C64910>]}


============================== 11:16:22.906132 | b31a29a2-c804-46b1-9ae4-fd55475d7ad3 ==============================
[0m11:16:22.906132 [info ] [MainThread]: Running with dbt=1.11.8
[0m11:16:22.906132 [debug] [MainThread]: running dbt with arguments {'version_check': 'True', 'no_print': 'None', 'static_parser': 'True', 'target_path': 'None', 'warn_error_options': 'WarnErrorOptionsV2(error=[], warn=[], silence=[])', 'printer_width': '80', 'write_json': 'True', 'empty': 'None', 'log_cache_events': 'False', 'introspect': 'True', 'cache_selected_only': 'False', 'log_format': 'default', 'debug': 'False', 'fail_fast': 'False', 'partial_parse': 'True', 'send_anonymous_usage_stats': 'True', 'quiet': 'False', 'warn_error': 'None', 'profiles_dir': 'C:\\Users\\LENOVO-PC\\.dbt', 'invocation_command': 'dbt init', 'indirect_selection': 'eager', 'use_colors': 'True', 'use_experimental_parser': 'False', 'log_path': 'logs'}
[0m11:16:26.134545 [info ] [MainThread]: Creating dbt configuration folder at C:\Users\LENOVO-PC\.dbt
[0m11:17:21.549344 [debug] [MainThread]: Starter project path: C:\Users\LENOVO-PC\Downloads\notes\dbt_proj\.venv\lib\site-packages\dbt\include\starter_project
[0m11:17:21.935028 [info ] [MainThread]: 
Your new dbt project "nithya_dbt_proj" was created!

For more information on how to configure the profiles.yml file,
please consult the dbt documentation here:

  https://docs.getdbt.com/docs/configure-your-profile

One more thing:

Need help? Don't hesitate to reach out to us via GitHub issues or on Slack:

  https://community.getdbt.com/

Happy modeling!

[0m11:17:21.935028 [info ] [MainThread]: Setting up your profile.
[0m11:17:21.935028 [error] [MainThread]: Encountered an error:
Runtime Error
  No adapters available. Learn how to install an adapter by going to https://docs.getdbt.com/docs/connect-adapters#install-using-the-cli
[0m11:17:21.935028 [debug] [MainThread]: Command `dbt init` failed at 11:17:21.935028 after 59.68 seconds
[0m11:17:21.935028 [debug] [MainThread]: Sending event: {'category': 'dbt', 'action': 'invocation', 'label': 'end', 'context': [<snowplow_tracker.self_describing_json.SelfDescribingJson object at 0x00000210818C4250>, <snowplow_tracker.self_describing_json.SelfDescribingJson object at 0x0000021082D47F10>, <snowplow_tracker.self_describing_json.SelfDescribingJson object at 0x0000021082D46320>]}
[0m11:17:21.945037 [debug] [MainThread]: Flushing usage events
[0m11:17:25.362868 [debug] [MainThread]: An error was encountered while trying to flush usage events
[0m11:19:40.000809 [debug] [MainThread]: Sending event: {'category': 'dbt', 'action': 'invocation', 'label': 'start', 'context': [<snowplow_tracker.self_describing_json.SelfDescribingJson object at 0x000001EB6237C2E0>, <snowplow_tracker.self_describing_json.SelfDescribingJson object at 0x000001EB63640BE0>, <snowplow_tracker.self_describing_json.SelfDescribingJson object at 0x000001EB63640970>]}


============================== 11:19:40.008457 | b5f9a071-ab47-4243-88bd-42d17640ac61 ==============================
[0m11:19:40.008457 [info ] [MainThread]: Running with dbt=1.11.8
[0m11:19:40.009460 [debug] [MainThread]: running dbt with arguments {'static_parser': 'True', 'no_print': 'None', 'version_check': 'True', 'warn_error_options': 'WarnErrorOptionsV2(error=[], warn=[], silence=[])', 'target_path': 'None', 'printer_width': '80', 'write_json': 'True', 'introspect': 'True', 'log_cache_events': 'False', 'empty': 'None', 'cache_selected_only': 'False', 'log_format': 'default', 'debug': 'False', 'fail_fast': 'False', 'profiles_dir': 'C:\\Users\\LENOVO-PC\\.dbt', 'send_anonymous_usage_stats': 'True', 'quiet': 'False', 'warn_error': 'None', 'partial_parse': 'True', 'indirect_selection': 'eager', 'use_colors': 'True', 'invocation_command': 'dbt init', 'use_experimental_parser': 'False', 'log_path': 'logs'}
[0m11:19:46.822238 [info ] [MainThread]: A project called nithya_dbt_proj already exists here.
[0m11:19:46.837360 [debug] [MainThread]: Command `dbt init` succeeded at 11:19:46.837360 after 6.94 seconds
[0m11:19:46.837360 [debug] [MainThread]: Sending event: {'category': 'dbt', 'action': 'invocation', 'label': 'end', 'context': [<snowplow_tracker.self_describing_json.SelfDescribingJson object at 0x000001EB6237C2E0>, <snowplow_tracker.self_describing_json.SelfDescribingJson object at 0x000001EB63641210>, <snowplow_tracker.self_describing_json.SelfDescribingJson object at 0x000001EB63640BE0>]}
[0m11:19:46.837360 [debug] [MainThread]: Flushing usage events
[0m11:19:48.684951 [debug] [MainThread]: An error was encountered while trying to flush usage events
[0m11:20:04.582941 [debug] [MainThread]: Sending event: {'category': 'dbt', 'action': 'invocation', 'label': 'start', 'context': [<snowplow_tracker.self_describing_json.SelfDescribingJson object at 0x0000025EE73AC2B0>, <snowplow_tracker.self_describing_json.SelfDescribingJson object at 0x0000025EE8654B20>, <snowplow_tracker.self_describing_json.SelfDescribingJson object at 0x0000025EE86548B0>]}


============================== 11:20:04.589884 | 066bd875-1c3f-471c-a4a6-1f810f060b04 ==============================
[0m11:20:04.589884 [info ] [MainThread]: Running with dbt=1.11.8
[0m11:20:04.590959 [debug] [MainThread]: running dbt with arguments {'static_parser': 'True', 'no_print': 'None', 'version_check': 'True', 'warn_error_options': 'WarnErrorOptionsV2(error=[], warn=[], silence=[])', 'target_path': 'None', 'printer_width': '80', 'write_json': 'True', 'introspect': 'True', 'log_cache_events': 'False', 'empty': 'None', 'cache_selected_only': 'False', 'fail_fast': 'False', 'debug': 'False', 'log_format': 'default', 'profiles_dir': 'C:\\Users\\LENOVO-PC\\.dbt', 'send_anonymous_usage_stats': 'True', 'quiet': 'False', 'warn_error': 'None', 'partial_parse': 'True', 'use_colors': 'True', 'invocation_command': 'dbt init', 'indirect_selection': 'eager', 'use_experimental_parser': 'False', 'log_path': 'logs'}
[0m11:20:10.019323 [debug] [MainThread]: Starter project path: C:\Users\LENOVO-PC\Downloads\notes\dbt_proj\.venv\lib\site-packages\dbt\include\starter_project
[0m11:20:10.072089 [info ] [MainThread]: 
Your new dbt project "nithya_dbt" was created!

For more information on how to configure the profiles.yml file,
please consult the dbt documentation here:

  https://docs.getdbt.com/docs/configure-your-profile

One more thing:

Need help? Don't hesitate to reach out to us via GitHub issues or on Slack:

  https://community.getdbt.com/

Happy modeling!

[0m11:20:10.074086 [info ] [MainThread]: Setting up your profile.
[0m11:20:36.671624 [debug] [MainThread]: Spark adapter: Setting pyhive.hive logging to ERROR
[0m11:20:36.671624 [debug] [MainThread]: Spark adapter: Setting thrift.transport logging to ERROR
[0m11:20:36.671624 [debug] [MainThread]: Spark adapter: Setting thrift.protocol logging to ERROR
[0m11:26:48.383670 [info ] [MainThread]: Profile nithya_dbt written to C:\Users\LENOVO-PC\.dbt\profiles.yml using target's profile_template.yml and your supplied values. Run 'dbt debug' to validate the connection.
[0m11:26:48.395169 [debug] [MainThread]: Command `dbt init` succeeded at 11:26:48.395169 after 404.04 seconds
[0m11:26:48.404567 [debug] [MainThread]: Sending event: {'category': 'dbt', 'action': 'invocation', 'label': 'end', 'context': [<snowplow_tracker.self_describing_json.SelfDescribingJson object at 0x0000025EE73AC2B0>, <snowplow_tracker.self_describing_json.SelfDescribingJson object at 0x0000025EE8654850>, <snowplow_tracker.self_describing_json.SelfDescribingJson object at 0x0000025EE86548E0>]}
[0m11:26:48.406893 [debug] [MainThread]: Flushing usage events
[0m11:26:49.836725 [debug] [MainThread]: An error was encountered while trying to flush usage events
[0m11:27:19.585629 [debug] [MainThread]: Sending event: {'category': 'dbt', 'action': 'invocation', 'label': 'start', 'context': [<snowplow_tracker.self_describing_json.SelfDescribingJson object at 0x00000179E744C370>, <snowplow_tracker.self_describing_json.SelfDescribingJson object at 0x00000179E8700CD0>, <snowplow_tracker.self_describing_json.SelfDescribingJson object at 0x00000179E8700A60>]}


============================== 11:27:19.585629 | f404bece-42f2-4990-9228-016f28a93db6 ==============================
[0m11:27:19.585629 [info ] [MainThread]: Running with dbt=1.11.8
[0m11:27:19.585629 [debug] [MainThread]: running dbt with arguments {'version_check': 'True', 'no_print': 'None', 'static_parser': 'True', 'target_path': 'None', 'warn_error_options': 'WarnErrorOptionsV2(error=[], warn=[], silence=[])', 'printer_width': '80', 'write_json': 'True', 'introspect': 'True', 'log_cache_events': 'False', 'empty': 'None', 'cache_selected_only': 'False', 'log_format': 'default', 'debug': 'False', 'fail_fast': 'False', 'partial_parse': 'True', 'send_anonymous_usage_stats': 'True', 'quiet': 'False', 'warn_error': 'None', 'profiles_dir': 'C:\\Users\\LENOVO-PC\\.dbt', 'invocation_command': 'dbt debug', 'indirect_selection': 'eager', 'use_colors': 'True', 'use_experimental_parser': 'False', 'log_path': 'logs'}
[0m11:27:19.700997 [info ] [MainThread]: dbt version: 1.11.8
[0m11:27:19.700997 [info ] [MainThread]: python version: 3.10.1
[0m11:27:19.700997 [info ] [MainThread]: python path: C:\Users\LENOVO-PC\Downloads\notes\dbt_proj\.venv\Scripts\python.exe
[0m11:27:19.700997 [info ] [MainThread]: os info: Windows-10-10.0.19045-SP0
[0m11:27:20.859471 [debug] [MainThread]: Spark adapter: Setting pyhive.hive logging to ERROR
[0m11:27:20.867391 [debug] [MainThread]: Spark adapter: Setting thrift.transport logging to ERROR
[0m11:27:20.868369 [debug] [MainThread]: Spark adapter: Setting thrift.protocol logging to ERROR
[0m11:27:22.235498 [info ] [MainThread]: Using profiles dir at C:\Users\LENOVO-PC\.dbt
[0m11:27:22.236833 [info ] [MainThread]: Using profiles.yml file at C:\Users\LENOVO-PC\.dbt\profiles.yml
[0m11:27:22.238835 [info ] [MainThread]: Using dbt_project.yml file at C:\Users\LENOVO-PC\Downloads\notes\dbt_proj\dbt_project.yml
[0m11:27:22.241803 [info ] [MainThread]: adapter type: databricks
[0m11:27:22.243806 [info ] [MainThread]: adapter version: 1.10.9
[0m11:27:22.245807 [info ] [MainThread]: Configuration:
[0m11:27:22.247806 [info ] [MainThread]:   profiles.yml file [[32mOK found and valid[0m]
[0m11:27:22.249802 [info ] [MainThread]:   dbt_project.yml file [[31mERROR not found[0m]
[0m11:27:22.252272 [info ] [MainThread]: Required dependencies:
[0m11:27:22.255111 [debug] [MainThread]: Executing "git --help"
[0m11:27:22.430686 [debug] [MainThread]: STDOUT: "b"usage: git [-v | --version] [-h | --help] [-C <path>] [-c <name>=<value>]\n           [--exec-path[=<path>]] [--html-path] [--man-path] [--info-path]\n           [-p | --paginate | -P | --no-pager] [--no-replace-objects] [--no-lazy-fetch]\n           [--no-optional-locks] [--no-advice] [--bare] [--git-dir=<path>]\n           [--work-tree=<path>] [--namespace=<name>] [--config-env=<name>=<envvar>]\n           <command> [<args>]\n\nThese are common Git commands used in various situations:\n\nstart a working area (see also: git help tutorial)\n   clone      Clone a repository into a new directory\n   init       Create an empty Git repository or reinitialize an existing one\n\nwork on the current change (see also: git help everyday)\n   add        Add file contents to the index\n   mv         Move or rename a file, a directory, or a symlink\n   restore    Restore working tree files\n   rm         Remove files from the working tree and from the index\n\nexamine the history and state (see also: git help revisions)\n   bisect     Use binary search to find the commit that introduced a bug\n   diff       Show changes between commits, commit and working tree, etc\n   grep       Print lines matching a pattern\n   log        Show commit logs\n   show       Show various types of objects\n   status     Show the working tree status\n\ngrow, mark and tweak your common history\n   backfill   Download missing objects in a partial clone\n   branch     List, create, or delete branches\n   commit     Record changes to the repository\n   merge      Join two or more development histories together\n   rebase     Reapply commits on top of another base tip\n   reset      Reset current HEAD to the specified state\n   switch     Switch branches\n   tag        Create, list, delete or verify a tag object signed with GPG\n\ncollaborate (see also: git help workflows)\n   fetch      Download objects and refs from another repository\n   pull       Fetch from and integrate with another repository or a local branch\n   push       Update remote refs along with associated objects\n\n'git help -a' and 'git help -g' list available subcommands and some\nconcept guides. See 'git help <command>' or 'git help <concept>'\nto read about a specific subcommand or concept.\nSee 'git help git' for an overview of the system.\n""
[0m11:27:22.430686 [debug] [MainThread]: STDERR: "b''"
[0m11:27:22.430686 [info ] [MainThread]:  - git [[32mOK found[0m]

[0m11:27:22.430686 [info ] [MainThread]: Connection:
[0m11:27:22.430686 [info ] [MainThread]:   host: dbc-a362e953-a5b8.cloud.databricks.com
[0m11:27:22.430686 [info ] [MainThread]:   http_path: /sql/1.0/warehouses/bbef1f99e82e083d
[0m11:27:22.430686 [info ] [MainThread]:   catalog: dbt_proj
[0m11:27:22.445989 [info ] [MainThread]:   schema: default
[0m11:27:22.448794 [info ] [MainThread]: Registered adapter: databricks=1.10.9
[0m11:27:24.471716 [debug] [MainThread]: Databricks adapter: DatabricksDBTConnection(session-id=None, name=debug) - Creating connection
[0m11:27:24.471716 [debug] [MainThread]: Acquiring new databricks connection 'debug'
[0m11:27:24.472715 [debug] [MainThread]: Using databricks connection "debug"
[0m11:27:24.473670 [debug] [MainThread]: On debug: select 1 as id
[0m11:27:24.473670 [debug] [MainThread]: Opening a new connection, currently in state init
[0m11:27:27.336881 [debug] [MainThread]: Databricks adapter: Connection(session-id=01f1388f-fae0-1a27-8c46-d95c38e07243) - Created
[0m11:27:51.961582 [debug] [MainThread]: SQL status: OK in 27.490 seconds
[0m11:27:51.977051 [debug] [MainThread]: Databricks adapter: Cursor(session-id=01f1388f-fae0-1a27-8c46-d95c38e07243, command-id=01f1388f-fbdf-1d1e-9d65-4fe6a97ca3d0) - Closing
[0m11:27:52.670950 [debug] [MainThread]: On debug: Close
[0m11:27:52.670950 [debug] [MainThread]: Databricks adapter: Connection(session-id=01f1388f-fae0-1a27-8c46-d95c38e07243) - Closing
[0m11:27:52.988611 [info ] [MainThread]:   Connection test: [[32mOK connection ok[0m]

[0m11:27:52.988611 [info ] [MainThread]: [31m1 check failed:[0m
[0m11:27:52.988611 [info ] [MainThread]: Project loading failed for the following reason:
 project path <C:\Users\LENOVO-PC\Downloads\notes\dbt_proj\dbt_project.yml> not found

[0m11:27:52.988611 [debug] [MainThread]: Command `dbt debug` failed at 11:27:52.988611 after 33.62 seconds
[0m11:27:52.988611 [debug] [MainThread]: Sending event: {'category': 'dbt', 'action': 'invocation', 'label': 'end', 'context': [<snowplow_tracker.self_describing_json.SelfDescribingJson object at 0x00000179E744C370>, <snowplow_tracker.self_describing_json.SelfDescribingJson object at 0x00000179FB61F8E0>, <snowplow_tracker.self_describing_json.SelfDescribingJson object at 0x00000179FB61E710>]}
[0m11:27:53.003737 [debug] [MainThread]: Flushing usage events
[0m11:27:54.341094 [debug] [MainThread]: An error was encountered while trying to flush usage events
